<?xml version="1.0" encoding="UTF-8"?>
<robot generator="Robot 6.1.1 (Python 3.10.9 on win32)" generated="20231122 02:33:27.230" rpa="false" schemaversion="4">
<suite id="s1" name="Backend Test" source="C:\Users\Acern\CC test et validation\backend_test">
<suite id="s1-s1" name="Test" source="C:\Users\Acern\CC test et validation\backend_test\Test">
<suite id="s1-s1-s1" name="Main" source="C:\Users\Acern\CC test et validation\backend_test\Test\main.robot">
<test id="s1-s1-s1-t1" name="Test de note d'un produit" line="161">
<kw name="Query" library="DatabaseLibrary">
<var>${result}</var>
<arg>select * from tbl_rating</arg>
<doc>Uses the input `selectStatement` to query for the values that will be returned as a list of tuples. Set optional
input `sansTran` to True to run command without an explicit transaction commit or rollback.
Set optional input `returnAsDict` to True to return values as a list of dictionaries.</doc>
<msg timestamp="20231122 02:33:27.971" level="FAIL">AttributeError: 'NoneType' object has no attribute 'cursor'</msg>
<status status="FAIL" starttime="20231122 02:33:27.970" endtime="20231122 02:33:27.974"/>
</kw>
<kw name="Should Be True" library="BuiltIn">
<arg>${result}</arg>
<doc>Fails if the given condition is not true.</doc>
<status status="NOT RUN" starttime="20231122 02:33:27.988" endtime="20231122 02:33:28.007"/>
</kw>
<status status="FAIL" starttime="20231122 02:33:27.967" endtime="20231122 02:33:28.016">AttributeError: 'NoneType' object has no attribute 'cursor'</status>
</test>
<status status="FAIL" starttime="20231122 02:33:27.403" endtime="20231122 02:33:28.025"/>
</suite>
<status status="FAIL" starttime="20231122 02:33:27.392" endtime="20231122 02:33:28.079"/>
</suite>
<status status="FAIL" starttime="20231122 02:33:27.239" endtime="20231122 02:33:28.088"/>
</suite>
<statistics>
<total>
<stat pass="0" fail="1" skip="0">All Tests</stat>
</total>
<tag>
</tag>
<suite>
<stat pass="0" fail="1" skip="0" id="s1" name="Backend Test">Backend Test</stat>
<stat pass="0" fail="1" skip="0" id="s1-s1" name="Test">Backend Test.Test</stat>
<stat pass="0" fail="1" skip="0" id="s1-s1-s1" name="Main">Backend Test.Test.Main</stat>
</suite>
</statistics>
<errors>
</errors>
</robot>
